
 *------------------------------------------------------------------------------------* 
 |                                                                                    | 
 |  *------------------------------------------------------------------------------*  | 
 |  |                                                                              |  | 
 |  |                                                                              |  | 
 |  |   PPP   Y   Y  TTTTT  H   H  III    A      Welcome to the Lund Monte Carlo!  |  | 
 |  |   P  P   Y Y     T    H   H   I    A A     This is PYTHIA version 8.305      |  | 
 |  |   PPP     Y      T    HHHHH   I   AAAAA    Last date of change:  3 May 2021  |  | 
 |  |   P       Y      T    H   H   I   A   A                                      |  | 
 |  |   P       Y      T    H   H  III  A   A    Now is 29 May 2021 at 19:15:51    |  | 
 |  |                                                                              |  | 
 |  |   Christian Bierlich;  Department of Astronomy and Theoretical Physics,      |  | 
 |  |      Lund University, Solvegatan 14A, SE-223 62 Lund, Sweden;                |  | 
 |  |      e-mail: christian.bierlich@thep.lu.se                                   |  | 
 |  |   Nishita Desai;  Department of Theoretical Physics, Tata Institute,         |  | 
 |  |      Homi Bhabha Road, Mumbai 400005, India;                                 |  | 
 |  |      e-mail: desai@theory.tifr.res.in                                        |  | 
 |  |   Leif Gellersen;  Department of Astronomy and Theoretical Physics,          |  | 
 |  |      Lund University, Solvegatan 14A, SE-223 62 Lund, Sweden;                |  | 
 |  |      e-mail: leif.gellersen@thep.lu.se                                       |  | 
 |  |   Ilkka Helenius;  Department of Physics, University of Jyvaskyla,           |  | 
 |  |      P.O. Box 35, FI-40014 University of Jyvaskyla, Finland;                 |  | 
 |  |      e-mail: ilkka.m.helenius@jyu.fi                                         |  | 
 |  |   Philip Ilten;  Department of Physics,                                      |  | 
 |  |      University of Cincinnati, Cincinnati, OH 45221, USA;                    |  | 
 |  |      e-mail: philten@cern.ch                                                 |  | 
 |  |   Leif Lonnblad;  Department of Astronomy and Theoretical Physics,           |  | 
 |  |      Lund University, Solvegatan 14A, SE-223 62 Lund, Sweden;                |  | 
 |  |      e-mail: leif.lonnblad@thep.lu.se                                        |  | 
 |  |   Stephen Mrenna;  Computing Division, Simulations Group,                    |  | 
 |  |      Fermi National Accelerator Laboratory, MS 234, Batavia, IL 60510, USA;  |  | 
 |  |      e-mail: mrenna@fnal.gov                                                 |  | 
 |  |   Stefan Prestel;  Department of Astronomy and Theoretical Physics,          |  | 
 |  |      Lund University, Solvegatan 14A, SE-223 62 Lund, Sweden;                |  | 
 |  |      e-mail: stefan.prestel@thep.lu.se                                       |  | 
 |  |   Christian Preuss;  School of Physics and Astronomy,                        |  | 
 |  |      Monash University, PO Box 27, 3800 Melbourne, Australia;                |  | 
 |  |      e-mail: christian.preuss@monash.edu                                     |  | 
 |  |   Torbjorn Sjostrand;  Department of Astronomy and Theoretical Physics,      |  | 
 |  |      Lund University, Solvegatan 14A, SE-223 62 Lund, Sweden;                |  | 
 |  |      e-mail: torbjorn@thep.lu.se                                             |  | 
 |  |   Peter Skands;  School of Physics and Astronomy,                            |  | 
 |  |      Monash University, PO Box 27, 3800 Melbourne, Australia;                |  | 
 |  |      e-mail: peter.skands@monash.edu                                         |  | 
 |  |   Marius Utheim;  Department of Astronomy and Theoretical Physics,           |  | 
 |  |      Lund University, Solvegatan 14A, SE-223 62 Lund, Sweden;                |  | 
 |  |      e-mail: marius.utheim@thep.lu.se                                        |  | 
 |  |   Rob Verheyen;  Department of Physics and Astronomy,                        |  | 
 |  |      University College London, Gower St, Bloomsbury, London WC1E 6BT, UK;   |  | 
 |  |      e-mail: r.verheyen@ucl.ac.uk                                            |  | 
 |  |                                                                              |  | 
 |  |   The main program reference is 'An Introduction to PYTHIA 8.2',             |  | 
 |  |   T. Sjostrand et al, Comput. Phys. Commun. 191 (2015) 159                   |  | 
 |  |   [arXiv:1410.3012 [hep-ph]]                                                 |  | 
 |  |                                                                              |  | 
 |  |   The main physics reference is the 'PYTHIA 6.4 Physics and Manual',         |  | 
 |  |   T. Sjostrand, S. Mrenna and P. Skands, JHEP05 (2006) 026 [hep-ph/0603175]  |  | 
 |  |                                                                              |  | 
 |  |   An archive of program versions and documentation is found on the web:      |  | 
 |  |   http://www.thep.lu.se/Pythia                                               |  | 
 |  |                                                                              |  | 
 |  |   This program is released under the GNU General Public Licence version 2.   |  | 
 |  |   Please respect the MCnet Guidelines for Event Generator Authors and Users. |  | 
 |  |                                                                              |  | 
 |  |   Disclaimer: this program comes without any guarantees.                     |  | 
 |  |   Beware of errors and use common sense when interpreting results.           |  | 
 |  |                                                                              |  | 
 |  |   Copyright (C) 2021 Torbjorn Sjostrand                                      |  | 
 |  |                                                                              |  | 
 |  |                                                                              |  | 
 |  *------------------------------------------------------------------------------*  | 
 |                                                                                    | 
 *------------------------------------------------------------------------------------* 


 *-------  PYTHIA Process Initialization  --------------------------*
 |                                                                  |
 | We collide p+ with p+ at a CM energy of 8.000e+03 GeV            |
 |                                                                  |
 |------------------------------------------------------------------|
 |                                                    |             |
 | Subprocess                                    Code |   Estimated |
 |                                                    |    max (mb) |
 |                                                    |             |
 |------------------------------------------------------------------|
 |                                                    |             |
 | g g -> g g                                     111 |   8.296e+03 |
 | g g -> q qbar (uds)                            112 |   6.090e+01 |
 | q g -> q g                                     113 |   3.737e+03 |
 | q q(bar)' -> q q(bar)'                         114 |   6.216e+02 |
 | q qbar -> g g                                  115 |   2.180e+00 |
 | q qbar -> q' qbar' (uds)                       116 |   5.601e-01 |
 | g g -> c cbar                                  121 |   3.244e+01 |
 | q qbar -> c cbar                               122 |   2.359e-01 |
 | g g -> b bbar                                  123 |   1.955e+00 |
 | q qbar -> b bbar                               124 |   1.506e-02 |
 |                                                                  |
 *-------  End PYTHIA Process Initialization -----------------------*

 *-------  PYTHIA Multiparton Interactions Initialization  ---------* 
 |                                                                  | 
 |                   sigmaNonDiffractive =    51.78 mb              | 
 |                                                                  | 
 |    pT0 =  2.35 gives sigmaInteraction =   258.98 mb: accepted    | 
 |                                                                  | 
 *-------  End PYTHIA Multiparton Interactions Initialization  -----* 

 *-------  PYTHIA Flag + Mode + Parm + Word + FVec + MVec + PVec + WVec Settings (changes only)  ------------------* 
 |                                                                                                                 | 
 | Name                                          |                      Now |      Default         Min         Max | 
 |                                               |                          |                                      | 
 | Beams:eCM                                     |                 8000.000 |    14000.000         0.0             | 
 | HardQCD:all                                   |                       on |          off                         | 
 |                                                                                                                 | 
 *-------  End PYTHIA Flag + Mode + Parm + Word + FVec + MVec + PVec + WVec Settings  -----------------------------* 

 --------  PYTHIA Particle Data Table (changed only)  ------------------------------------------------------------------------------
 
      id   name            antiName         spn chg col      m0        mWidth      mMin       mMax       tau0    res dec ext vis wid
             no onMode   bRatio   meMode     products 

 no particle data has been changed from its default value 

 --------  End PYTHIA Particle Data Table  -----------------------------------------------------------------------------------------


 --------  PYTHIA Info Listing  ---------------------------------------- 
 
 Beam A: id =   2212, pz =  4.000e+03, e =  4.000e+03, m =  9.383e-01.
 Beam B: id =   2212, pz = -4.000e+03, e =  4.000e+03, m =  9.383e-01.

 In 1: id =   21, x =  2.390e-03, pdf =  3.827e+00 at Q2 =  2.016e+00.
 In 2: id =   21, x =  1.343e-04, pdf =  5.951e+00 at same Q2.

 Subprocess g g -> g g with code 111 is 2 -> 2.
 It has sHat =  2.054e+01,    tHat = -1.828e+01,    uHat = -2.266e+00,
       pTHat =  1.420e+00,   m3Hat =  0.000e+00,   m4Hat =  0.000e+00,
    thetaHat =  2.464e+00,  phiHat =  3.620e-01.
     alphaEM =  7.471e-03,  alphaS =  4.035e-01    at Q2 =  2.016e+00.

 Impact parameter b =  1.402e+00 gives enhancement factor =  1.274e-01.
 Max pT scale for MPI =  1.420e+00, ISR =  1.420e+00, FSR =  1.420e+00.
 Number of MPI =     1, ISR =     3, FSRproc =     4, FSRreson =     0.

 --------  End PYTHIA Info Listing  ------------------------------------

 --------  PYTHIA Event Listing  (hard process)  -----------------------------------------------------------------------------------
 
    no         id  name            status     mothers   daughters     colours      p_x        p_y        p_z         e          m 
     0         90  (system)           -11     0     0     0     0     0     0      0.000      0.000      0.000   8000.000   8000.000
     1       2212  (p+)               -12     0     0     3     0     0     0      0.000      0.000   4000.000   4000.000      0.938
     2       2212  (p+)               -12     0     0     4     0     0     0      0.000      0.000  -4000.000   4000.000      0.938
     3         21  (g)                -21     1     0     5     6   102   101      0.000      0.000      9.558      9.558      0.000
     4         21  (g)                -21     2     0     5     6   104   103      0.000      0.000     -0.537      0.537      0.000
     5         21  g                   23     3     4     0     0   104   101      1.328      0.503      0.576      1.532      0.000
     6         21  g                   23     3     4     0     0   102   103     -1.328     -0.503      8.445      8.563      0.000
                                   Charge sum:  0.000           Momentum sum:      0.000      0.000      9.021     10.095      4.532

 --------  End PYTHIA Event Listing  -----------------------------------------------------------------------------------------------

 --------  PYTHIA Event Listing  (complete event)  ---------------------------------------------------------------------------------
 
    no         id  name            status     mothers   daughters     colours      p_x        p_y        p_z         e          m 
     0         90  (system)           -11     0     0     0     0     0     0      0.000      0.000      0.000   8000.000   8000.000
     1       2212  (p+)               -12     0     0    42     0     0     0      0.000      0.000   4000.000   4000.000      0.938
     2       2212  (p+)               -12     0     0    43     0     0     0      0.000      0.000  -4000.000   4000.000      0.938
     3         21  (g)                -21     7     0     5     6   102   101      0.000      0.000      9.558      9.558      0.000
     4         21  (g)                -21     8     8     5     6   104   103      0.000      0.000     -0.537      0.537      0.000
     5         21  (g)                -23     3     4     9     9   104   101      1.328      0.503      0.576      1.532      0.000
     6         21  (g)                -23     3     4    10    10   102   103     -1.328     -0.503      8.445      8.563      0.000
     7         21  (g)                -41    18    18    11     3   102   105     -0.000     -0.000    314.611    314.611      0.000
     8         21  (g)                -42    19     0     4     4   104   103      0.000      0.000     -0.537      0.537      0.000
     9         21  (g)                -44     5     5    12    13   104   101      1.348      0.630      0.635      1.618      0.000
    10         21  (g)                -44     6     6    21    21   102   103     -1.167      0.521      9.039      9.129      0.000
    11         21  (g)                -43     7     0    14    14   101   105     -0.180     -1.150    304.399    304.402      0.000
    12         21  (g)                -51     9     0    20    20   104   106      0.305      0.955      0.181      1.018      0.000
    13         21  (g)                -51     9     0    17    17   106   101      1.041     -0.339      4.065      4.209      0.000
    14         21  (g)                -52    11    11    15    16   101   105     -0.178     -1.137    300.789    300.791      0.000
    15         21  (g)                -51    14     0    22    22   107   105      0.008     -1.666    223.308    223.314      0.000
    16         21  (g)                -51    14     0    24    24   101   107     -0.144      0.516     77.646     77.648      0.000
    17         21  (g)                -52    13    13    23    23   106   101      0.999     -0.325      3.900      4.039      0.000
    18         21  (g)                -42    29    29     7     7   102   105     -0.000     -0.000    314.611    314.611      0.000
    19         21  (g)                -41    30     0    25     8   104   108      0.000      0.000    -11.094     11.094      0.000
    20         21  (g)                -44    12    12    31    31   104   106      0.346      1.538      1.063      1.902      0.000
    21         21  (g)                -44    10    10    26    27   102   103     -1.163      0.583      9.358      9.448      0.000
    22         21  (g)                -44    15    15    33    33   107   105      0.009     -1.662    221.955    221.961      0.000
    23         21  (g)                -44    17    17    34    34   106   101      1.005     -0.228      3.753      3.892      0.000
    24         21  (g)                -44    16    16    35    35   101   107     -0.144      0.517     77.930     77.932      0.000
    25         21  (g)                -43    19     0    28    28   103   108     -0.053     -0.748    -10.543     10.570      0.000
    26         21  (g)                -51    21     0    32    32   102   109     -0.247      0.003      6.294      6.299      0.000
    27         21  (g)                -51    21     0    37    37   109   103     -0.916      0.577      3.013      3.201      0.000
    28         21  (g)                -52    25    25    36    36   103   108     -0.052     -0.745    -10.491     10.518      0.000
    29         21  (g)                -42    42    42    18    18   102   105      0.000     -0.000    314.611    314.611      0.000
    30         21  (g)                -41    43    43    38    19   104   110     -0.000      0.000    -89.581     89.581      0.000
    31         21  (g)                -44    20    20    44    44   104   106      0.344      1.559      1.101      1.939      0.000
    32         21  (g)                -44    26    26    45    45   102   109     -0.247      0.003      6.294      6.299      0.000
    33         21  (g)                -44    22    22    39    40   107   105      0.008     -1.662    221.908    221.914      0.000
    34         21  (g)                -44    23    23    47    47   106   101      1.005     -0.225      3.745      3.884      0.000
    35         21  (g)                -44    24    24    41    41   101   107     -0.144      0.517     77.942     77.943      0.000
    36         21  (g)                -44    28    28    49    49   103   108     -0.094     -0.225    -10.503     10.506      0.000
    37         21  (g)                -44    27    27    50    50   109   103     -0.917      0.582      3.029      3.217      0.000
    38         21  (g)                -43    30     0    51    51   108   110      0.044     -0.549    -78.486     78.488      0.000
    39         21  (g)                -51    33     0    46    46   111   105      0.143     -1.344    138.914    138.920      0.000
    40         21  (g)                -51    33     0    52    52   107   111     -0.182     -0.149    108.489    108.489      0.000
    41         21  (g)                -52    35    35    48    48   101   107     -0.097      0.348     52.447     52.448      0.000
    42         21  (g)                -61     1     0    29    29   102   105      0.813      1.119    314.614    314.617      0.000
    43         21  (g)                -61     2     0    30    30   104   110      0.250      0.601    -89.580     89.582      0.000
    44         21  (g)                -62    31    31    89    89   104   106      0.349      1.567      1.103      1.948      0.000
    45         21  (g)                -62    32    32    61    61   102   109     -0.230      0.025      6.294      6.298      0.000
    46         21  (g)                -62    39    39    85    85   111   105      0.502     -0.850    138.913    138.917      0.000
    47         21  (g)                -62    34    34    88    88   106   101      1.015     -0.211      3.745      3.886      0.000
    48         21  (g)                -62    41    41    87    87   101   107      0.038      0.534     52.448     52.451      0.000
    49         21  (g)                -62    36    36    57     0   103   108     -0.065     -0.155    -10.504     10.505      0.000
    50         21  (g)                -62    37    37    60    60   109   103     -0.908      0.593      3.029      3.218      0.000
    51         21  (g)                -62    38    38    57     0   108   110      0.263     -0.022    -78.486     78.486      0.000
    52         21  (g)                -62    40    40    86    86   107   111      0.098      0.237    108.490    108.490      0.000
    53       2203  (uu_1)             -63     1     0    62    62     0   102     -0.394     -0.447   2307.690   2307.691      0.771
    54          1  (d)                -63     1     0    84    84   105     0     -0.418     -0.672   1377.627   1377.628      0.330
    55          2  (u)                -63     2     0    58    58   110     0     -0.177     -0.269     -0.746      0.877      0.330
    56       2101  (ud_0)             -63     2     0    90    90     0   104     -0.074     -0.332  -3909.606   3909.606      0.579
    57         21  (g)                -73    49    51    59    59   103   110      0.199     -0.177    -88.989     88.991      0.497
    58          2  (u)                -71    55    55    63    83   110     0     -0.177     -0.269     -0.746      0.877      0.330
    59         21  (g)                -71    57    57    63    83   103   110      0.199     -0.177    -88.989     88.991      0.497
    60         21  (g)                -71    50    50    63    83   109   103     -0.908      0.593      3.029      3.218      0.000
    61         21  (g)                -71    45    45    63    83   102   109     -0.230      0.025      6.294      6.298      0.000
    62       2203  (uu_1)             -71    53    53    63    83     0   102     -0.394     -0.447   2307.690   2307.691      0.771
    63        211  pi+                 83    58    62     0     0     0     0     -0.089     -0.333     -3.351      3.371      0.140
    64       -213  (rho-)             -83    58    62   116   117     0     0     -0.462     -0.078    -10.044     10.114      1.092
    65        211  pi+                 83    58    62     0     0     0     0      0.444      0.137     -4.807      4.831      0.140
    66        111  (pi0)              -83    58    62   150   151     0     0      0.011     -0.097     -5.160      5.162      0.135
    67        223  (omega)            -83    58    62   152   154     0     0      0.131     -0.027    -21.751     21.765      0.777
    68       -211  pi-                 83    58    62     0     0     0     0      0.329     -0.298     -8.418      8.431      0.140
    69        211  pi+                 83    58    62     0     0     0     0     -0.684      0.774    -19.358     19.386      0.140
    70       -213  (rho-)             -83    58    62   118   119     0     0      0.311     -0.414     -7.340      7.369      0.399
    71        213  (rho+)             -83    58    62   120   121     0     0      0.116      0.180     -7.290      7.306      0.441
    72        311  (K0)               -83    58    62   122   122     0     0     -0.383     -0.447     -0.751      1.076      0.498
    73       3114  (Sigma*-)          -83    58    62   123   124     0     0      0.445      0.484     -0.049      1.528      1.379
    74      -2114  (Deltabar0)        -84    58    62   125   126     0     0     -0.471      0.003      1.000      1.651      1.226
    75        211  pi+                 84    58    62     0     0     0     0     -0.280      0.142      0.991      1.049      0.140
    76       -211  pi-                 84    58    62     0     0     0     0      0.313     -0.561      0.690      0.953      0.140
    77        211  pi+                 84    58    62     0     0     0     0     -0.127      0.242      6.389      6.396      0.140
    78       -213  (rho-)             -84    58    62   127   128     0     0     -0.770      0.495      9.758      9.908      1.455
    79        211  pi+                 84    58    62     0     0     0     0      0.472     -0.096     42.900     42.903      0.140
    80        311  (K0)               -84    58    62   129   129     0     0     -0.482      0.236    223.674    223.675      0.498
    81       -323  (K*-)              -84    58    62   130   131     0     0     -0.347     -0.142    299.308    299.310      0.879
    82       2212  p+                  84    58    62     0     0     0     0      0.176     -0.309    607.266    607.267      0.938
    83        213  (rho+)             -84    58    62   132   133     0     0     -0.163     -0.165   1123.620   1123.621      1.104
    84          1  (d)                -71    54    54    91   115   105     0     -0.418     -0.672   1377.627   1377.628      0.330
    85         21  (g)                -71    46    46    91   115   111   105      0.502     -0.850    138.913    138.917      0.000
    86         21  (g)                -71    52    52    91   115   107   111      0.098      0.237    108.490    108.490      0.000
    87         21  (g)                -71    48    48    91   115   101   107      0.038      0.534     52.448     52.451      0.000
    88         21  (g)                -71    47    47    91   115   106   101      1.015     -0.211      3.745      3.886      0.000
    89         21  (g)                -71    44    44    91   115   104   106      0.349      1.567      1.103      1.948      0.000
    90       2101  (ud_0)             -71    56    56    91   115     0   104     -0.074     -0.332  -3909.606   3909.606      0.579
    91        223  (omega)            -83    84    90   155   157     0     0      0.099     -0.822    989.958    989.959      0.785
    92        221  (eta)              -83    84    90   158   160     0     0     -0.279      0.074    374.616    374.616      0.548
    93       -213  (rho-)             -83    84    90   134   135     0     0      0.016      0.014    176.990    176.995      1.325
    94        113  (rho0)             -83    84    90   136   137     0     0      0.705     -0.417     77.127     77.135      0.747
    95        213  (rho+)             -83    84    90   138   139     0     0     -0.396      0.046     17.898     17.914      0.637
    96        111  (pi0)              -83    84    90   161   162     0     0      0.328     -0.221      2.920      2.950      0.135
    97        223  (omega)            -83    84    90   163   165     0     0      0.015      0.072     25.582     25.594      0.785
    98        311  (K0)               -83    84    90   140   140     0     0      0.095      1.015      8.326      8.403      0.498
    99       -321  K-                  83    84    90     0     0     0     0      0.068     -0.594      2.177      2.311      0.494
   100        211  pi+                 83    84    90     0     0     0     0      0.256     -0.125      4.275      4.286      0.140
   101        111  (pi0)              -83    84    90   166   167     0     0      0.511      0.153      1.595      1.687      0.135
   102       -211  pi-                 84    84    90     0     0     0     0      0.190      0.563     -0.478      0.775      0.140
   103        111  (pi0)              -84    84    90   168   169     0     0     -0.176      0.380     -0.534      0.692      0.135
   104        213  (rho+)             -84    84    90   141   142     0     0     -0.257      0.299      0.228      0.969      0.856
   105       -211  pi-                 84    84    90     0     0     0     0      0.571      0.153     -0.464      0.764      0.140
   106        113  (rho0)             -84    84    90   143   144     0     0     -0.072     -0.158     -1.240      1.506      0.836
   107        213  (rho+)             -84    84    90   145   146     0     0     -0.077      0.332     -7.629      7.700      0.987
   108       -211  pi-                 84    84    90     0     0     0     0     -0.198     -0.578    -17.730     17.741      0.140
   109        321  K+                  84    84    90     0     0     0     0      0.135      0.272    -11.966     11.980      0.494
   110       -311  (Kbar0)            -84    84    90   147   147     0     0      0.202      0.320    -31.661     31.667      0.498
   111        313  (K*0)              -84    84    90   148   149     0     0     -0.100      0.091   -182.890    182.892      0.941
   112       -321  K-                  84    84    90     0     0     0     0     -0.211     -0.474    -71.693     71.696      0.494
   113        321  K+                  84    84    90     0     0     0     0      0.232      0.369    -91.968     91.970      0.494
   114       3122  (Lambda0)          -84    84    90   170   171     0     0     -0.404     -0.590   -718.865    718.866      1.116
   115        111  (pi0)              -84    84    90   172   173     0     0      0.261      0.103  -2771.854   2771.854      0.135
   116       -211  pi-                 91    64     0     0     0     0     0     -0.264     -0.080     -0.681      0.747      0.140
   117        111  (pi0)              -91    64     0   174   175     0     0     -0.197      0.001     -9.363      9.366      0.135
   118       -211  pi-                 91    70     0     0     0     0     0      0.264     -0.378     -6.337      6.355      0.140
   119        111  (pi0)              -91    70     0   176   177     0     0      0.047     -0.036     -1.003      1.014      0.135
   120        211  pi+                 91    71     0     0     0     0     0      0.022      0.052     -5.799      5.801      0.140
   121        111  (pi0)              -91    71     0   178   179     0     0      0.094      0.128     -1.490      1.505      0.135
   122        130  K_L0                91    72    72     0     0     0     0     -0.383     -0.447     -0.751      1.076      0.498
   123       3212  (Sigma0)           -91    73     0   180   181     0     0      0.321      0.330     -0.096      1.282      1.193
   124       -211  pi-                 91    73     0     0     0     0     0      0.124      0.154      0.047      0.246      0.140
   125      -2212  pbar-               91    74     0     0     0     0     0     -0.555      0.085      0.977      1.466      0.938
   126        211  pi+                 91    74     0     0     0     0     0      0.084     -0.082      0.023      0.184      0.140
   127       -211  pi-                 91    78     0     0     0     0     0     -0.285      0.960      5.012      5.113      0.140
   128        111  (pi0)              -91    78     0   182   183     0     0     -0.486     -0.465      4.745      4.795      0.135
   129        130  K_L0                91    80    80     0     0     0     0     -0.482      0.236    223.674    223.675      0.498
   130       -321  K-                  91    81     0     0     0     0     0     -0.484      0.020    239.953    239.954      0.494
   131        111  (pi0)              -91    81     0   184   185     0     0      0.136     -0.161     59.356     59.356      0.135
   132        211  pi+                 91    83     0     0     0     0     0      0.383     -0.342    598.384    598.384      0.140
   133        111  (pi0)              -91    83     0   186   187     0     0     -0.545      0.177    525.236    525.236      0.135
   134       -211  pi-                 91    93     0     0     0     0     0      0.053      0.118    173.853    173.853      0.140
   135        111  (pi0)              -91    93     0   188   189     0     0     -0.037     -0.104      3.137      3.142      0.135
   136        211  pi+                 91    94     0     0     0     0     0      0.721     -0.152     42.066     42.073      0.140
   137       -211  pi-                 91    94     0     0     0     0     0     -0.016     -0.266     35.061     35.062      0.140
   138        211  pi+                 91    95     0     0     0     0     0     -0.228      0.310     10.268     10.276      0.140
   139        111  (pi0)              -91    95     0   190   191     0     0     -0.168     -0.264      7.631      7.638      0.135
   140        130  K_L0                91    98    98     0     0     0     0      0.095      1.015      8.326      8.403      0.498
   141        211  pi+                 91   104     0     0     0     0     0      0.162     -0.180      0.141      0.313      0.140
   142        111  (pi0)              -91   104     0   192   193     0     0     -0.419      0.479      0.087      0.656      0.135
   143        211  pi+                 91   106     0     0     0     0     0      0.262     -0.263     -0.950      1.030      0.140
   144       -211  pi-                 91   106     0     0     0     0     0     -0.335      0.105     -0.290      0.476      0.140
   145        211  pi+                 91   107     0     0     0     0     0     -0.294      0.101     -6.713      6.721      0.140
   146        111  (pi0)              -91   107     0   194   195     0     0      0.216      0.231     -0.917      0.979      0.135
   147        130  K_L0                91   110   110     0     0     0     0      0.202      0.320    -31.661     31.667      0.498
   148        321  K+                  91   111     0     0     0     0     0     -0.226      0.338   -119.681    119.683      0.494
   149       -211  pi-                 91   111     0     0     0     0     0      0.126     -0.247    -63.209     63.210      0.140
   150         22  gamma               91    66     0     0     0     0     0      0.034      0.004     -3.010      3.011      0.000
   151         22  gamma               91    66     0     0     0     0     0     -0.022     -0.101     -2.149      2.152      0.000
   152        211  pi+                 91    67     0     0     0     0     0     -0.026      0.226     -9.565      9.569      0.140
   153       -211  pi-                 91    67     0     0     0     0     0     -0.054     -0.000     -3.180      3.183      0.140
   154        111  (pi0)              -91    67     0   196   198     0     0      0.211     -0.253     -9.006      9.013      0.135
   155        211  pi+                 91    91     0     0     0     0     0     -0.039     -0.350    370.916    370.916      0.140
   156       -211  pi-                 91    91     0     0     0     0     0      0.282     -0.463    471.288    471.288      0.140
   157        111  (pi0)              -91    91     0   199   200     0     0     -0.144     -0.010    147.754    147.754      0.135
   158        211  pi+                 91    92     0     0     0     0     0     -0.304      0.080    194.312    194.313      0.140
   159       -211  pi-                 91    92     0     0     0     0     0     -0.028     -0.026    169.716    169.716      0.140
   160         22  gamma               91    92     0     0     0     0     0      0.052      0.020     10.588     10.588      0.000
   161         22  gamma               91    96     0     0     0     0     0      0.022      0.018      0.244      0.246      0.000
   162         22  gamma               91    96     0     0     0     0     0      0.307     -0.240      2.676      2.704      0.000
   163        211  pi+                 91    97     0     0     0     0     0     -0.143     -0.131     14.906     14.908      0.140
   164       -211  pi-                 91    97     0     0     0     0     0      0.162      0.246      7.466      7.473      0.140
   165        111  (pi0)              -91    97     0   201   202     0     0     -0.004     -0.042      3.210      3.213      0.135
   166         22  gamma               91   101     0     0     0     0     0      0.108      0.082      0.509      0.527      0.000
   167         22  gamma               91   101     0     0     0     0     0      0.402      0.071      1.086      1.160      0.000
   168         22  gamma               91   103     0     0     0     0     0     -0.061      0.044     -0.045      0.087      0.000
   169         22  gamma               91   103     0     0     0     0     0     -0.115      0.336     -0.490      0.605      0.000
   170       2212  p+                  91   114     0     0     0     0     0     -0.360     -0.587   -666.778    666.779      0.938
   171       -211  pi-                 91   114     0     0     0     0     0     -0.044     -0.003    -52.087     52.087      0.140
   172         22  gamma               91   115     0     0     0     0     0     -0.016      0.001   -105.889    105.889      0.000
   173         22  gamma               91   115     0     0     0     0     0      0.276      0.102  -2665.965   2665.965      0.000
   174         22  gamma               91   117     0     0     0     0     0     -0.211     -0.016     -7.657      7.659      0.000
   175         22  gamma               91   117     0     0     0     0     0      0.013      0.017     -1.707      1.707      0.000
   176         22  gamma               91   119     0     0     0     0     0      0.053     -0.022     -0.996      0.998      0.000
   177         22  gamma               91   119     0     0     0     0     0     -0.006     -0.014     -0.007      0.017      0.000
   178         22  gamma               91   121     0     0     0     0     0     -0.014      0.088     -0.803      0.808      0.000
   179         22  gamma               91   121     0     0     0     0     0      0.108      0.040     -0.687      0.697      0.000
   180       3122  (Lambda0)          -91   123     0   203   204     0     0      0.299      0.371     -0.046      1.214      1.116
   181         22  gamma               91   123     0     0     0     0     0      0.022     -0.041     -0.050      0.068      0.000
   182         22  gamma               91   128     0     0     0     0     0     -0.432     -0.348      3.682      3.724      0.000
   183         22  gamma               91   128     0     0     0     0     0     -0.054     -0.117      1.063      1.071      0.000
   184         22  gamma               91   131     0     0     0     0     0      0.054     -0.157     43.213     43.213      0.000
   185         22  gamma               91   131     0     0     0     0     0      0.082     -0.004     16.143     16.143      0.000
   186         22  gamma               91   133     0     0     0     0     0     -0.349      0.057    283.103    283.104      0.000
   187         22  gamma               91   133     0     0     0     0     0     -0.196      0.120    242.133    242.133      0.000
   188         22  gamma               91   135     0     0     0     0     0      0.036     -0.065      2.173      2.175      0.000
   189         22  gamma               91   135     0     0     0     0     0     -0.073     -0.040      0.964      0.967      0.000
   190         22  gamma               91   139     0     0     0     0     0     -0.119     -0.072      2.640      2.644      0.000
   191         22  gamma               91   139     0     0     0     0     0     -0.048     -0.192      4.990      4.994      0.000
   192         22  gamma               91   142     0     0     0     0     0     -0.010      0.074      0.007      0.075      0.000
   193         22  gamma               91   142     0     0     0     0     0     -0.409      0.405      0.080      0.581      0.000
   194         22  gamma               91   146     0     0     0     0     0      0.177      0.104     -0.465      0.508      0.000
   195         22  gamma               91   146     0     0     0     0     0      0.039      0.127     -0.452      0.471      0.000
   196         22  gamma               91   154     0     0     0     0     0      0.179     -0.184     -5.268      5.274      0.000
   197         11  e-                  91   154     0     0     0     0     0      0.009     -0.010     -0.808      0.808      0.001
   198        -11  e+                  91   154     0     0     0     0     0      0.023     -0.060     -2.931      2.931      0.001
   199         22  gamma               91   157     0     0     0     0     0      0.023     -0.008     35.654     35.654      0.000
   200         22  gamma               91   157     0     0     0     0     0     -0.167     -0.002    112.100    112.100      0.000
   201         22  gamma               91   165     0     0     0     0     0     -0.022     -0.043      0.372      0.375      0.000
   202         22  gamma               91   165     0     0     0     0     0      0.017      0.001      2.838      2.838      0.000
   203       2212  p+                  91   180     0     0     0     0     0      0.350      0.357     -0.058      1.064      0.938
   204       -211  pi-                 91   180     0     0     0     0     0     -0.050      0.014      0.012      0.150      0.140
                                   Charge sum:  2.000           Momentum sum:     -0.000      0.000     -0.000   8000.000   8000.000

 --------  End PYTHIA Event Listing  -----------------------------------------------------------------------------------------------
 PYTHIA Warning in StringFragmentation::fragmentToJunction: bad convergence junction rest frame  


  2021-05-29 19:15       azimuth angles

        1.25*10^ 2                                    X               
        1.20*10^ 2                       X      6     X               
        1.15*10^ 2                     4 X    X X  X  X4  846 2       
        1.10*10^ 2         4    6X4 64XX X 48 X X 4X 2XX26XXX X2      
        1.05*10^ 2         XX2  XXX8XXXXXX XX X X8XX6XXXXXXXX XX      
        1.00*10^ 2        6XXX2 XXXXXXXXXX4XX X XXXXXXXXXXXXX8XX      
        0.95*10^ 2        XXXXXXXXXXXXXXXXXXX X XXXXXXXXXXXXXXXX      
        0.90*10^ 2        XXXXXXXXXXXXXXXXXXX XXXXXXXXXXXXXXXXXX      
        0.85*10^ 2        XXXXXXXXXXXXXXXXXXX8XXXXXXXXXXXXXXXXXX      
        0.80*10^ 2        XXXXXXXXXXXXXXXXXXXXXXXXXXXXXXXXXXXXXX      
        0.75*10^ 2        XXXXXXXXXXXXXXXXXXXXXXXXXXXXXXXXXXXXXX      
        0.70*10^ 2       4XXXXXXXXXXXXXXXXXXXXXXXXXXXXXXXXXXXXXX      
        0.65*10^ 2       XXXXXXXXXXXXXXXXXXXXXXXXXXXXXXXXXXXXXXX6     
        0.60*10^ 2       XXXXXXXXXXXXXXXXXXXXXXXXXXXXXXXXXXXXXXXX     
        0.55*10^ 2       XXXXXXXXXXXXXXXXXXXXXXXXXXXXXXXXXXXXXXXX     
        0.50*10^ 2       XXXXXXXXXXXXXXXXXXXXXXXXXXXXXXXXXXXXXXXX     
        0.45*10^ 2       XXXXXXXXXXXXXXXXXXXXXXXXXXXXXXXXXXXXXXXX     
        0.40*10^ 2       XXXXXXXXXXXXXXXXXXXXXXXXXXXXXXXXXXXXXXXX     
        0.35*10^ 2       XXXXXXXXXXXXXXXXXXXXXXXXXXXXXXXXXXXXXXXX     
        0.30*10^ 2       XXXXXXXXXXXXXXXXXXXXXXXXXXXXXXXXXXXXXXXX     
        0.25*10^ 2       XXXXXXXXXXXXXXXXXXXXXXXXXXXXXXXXXXXXXXXX     
        0.20*10^ 2       XXXXXXXXXXXXXXXXXXXXXXXXXXXXXXXXXXXXXXXX     
        0.15*10^ 2       XXXXXXXXXXXXXXXXXXXXXXXXXXXXXXXXXXXXXXXX     
        0.10*10^ 2       XXXXXXXXXXXXXXXXXXXXXXXXXXXXXXXXXXXXXXXX     
        0.05*10^ 2       XXXXXXXXXXXXXXXXXXXXXXXXXXXXXXXXXXXXXXXX     

          Contents                                                    
            *10^ 2  00000001110011111111110110101111111111111011000000
            *10^ 1  00000690009901000011029008191001002100111910600000
            *10^ 0  00000787516580748702507794508475365268423916300000
            *10^-1  00000000000000000000000000000000000000000000000000

          Low edge  -------------------------                         
            *10^ 0  43333332222221111110000000000000111111222222333333
            *10^-1  08653208754209764219864310134689124679024578023568
            *10^-2  04826048260482604826048260628406284062840628406284

   Entries  =        4184    Mean =  3.2505e-02    Underflow =  0.0000e+00    Low edge  = -4.0000e+00
   All chan =  4.1840e+03    Rms  =  1.8076e+00    Overflow  =  0.0000e+00    High edge =  4.0000e+00


 *-------  PYTHIA Event and Cross Section Statistics  -------------------------------------------------------------*
 |                                                                                                                 |
 | Subprocess                                    Code |            Number of events       |      sigma +- delta    |
 |                                                    |       Tried   Selected   Accepted |     (estimated) (mb)   |
 |                                                    |                                   |                        |
 |-----------------------------------------------------------------------------------------------------------------|
 |                                                    |                                   |                        |
 | g g -> g g                                     111 |         540         69         69 |   9.435e+02  5.658e+01 |
 | g g -> q qbar (uds)                            112 |           5          1          1 |   7.431e+00  7.431e+00 |
 | q g -> q g                                     113 |         220         25         25 |   4.029e+02  4.727e+01 |
 | q q(bar)' -> q q(bar)'                         114 |          36          5          5 |   7.134e+01  1.642e+01 |
 | q qbar -> g g                                  115 |           0          0          0 |   0.000e+00  0.000e+00 |
 | q qbar -> q' qbar' (uds)                       116 |           0          0          0 |   0.000e+00  0.000e+00 |
 | g g -> c cbar                                  121 |           3          0          0 |   0.000e+00  0.000e+00 |
 | q qbar -> c cbar                               122 |           0          0          0 |   0.000e+00  0.000e+00 |
 | g g -> b bbar                                  123 |           0          0          0 |   0.000e+00  0.000e+00 |
 | q qbar -> b bbar                               124 |           0          0          0 |   0.000e+00  0.000e+00 |
 |                                                    |                                   |                        |
 | sum                                                |         804        100        100 |   1.425e+03  7.590e+01 |
 |                                                                                                                 |
 *-------  End PYTHIA Event and Cross Section Statistics ----------------------------------------------------------*

 *-------  PYTHIA Error and Warning Messages Statistics  ----------------------------------------------------------* 
 |                                                                                                                 | 
 |  times   message                                                                                                | 
 |                                                                                                                 | 
 |      1   Warning in StringFragmentation::fragmentToJunction: bad convergence junction rest frame                | 
 |                                                                                                                 | 
 *-------  End PYTHIA Error and Warning Messages Statistics  ------------------------------------------------------* 
